This is pdfTeX, Version 3.14159265-2.6-1.40.18 (MiKTeX 2.9.6350 64-bit) (preloaded format=pdflatex 2017.7.21)  24 SEP 2017 17:07
entering extended mode
**./David_S_Thomson.tex
(David_S_Thomson.tex
LaTeX2e <2017-04-15>
Babel <3.10> and hyphenation patterns for 75 language(s) loaded.
("C:\Program Files\MiKTeX 2.9\tex\latex\base\article.cls"
Document Class: article 2014/09/29 v1.4h Standard LaTeX document class
("C:\Program Files\MiKTeX 2.9\tex\latex\base\size11.clo"
File: size11.clo 2014/09/29 v1.4h Standard LaTeX file (size option)
)
\c@part=\count79
\c@section=\count80
\c@subsection=\count81
\c@subsubsection=\count82
\c@paragraph=\count83
\c@subparagraph=\count84
\c@figure=\count85
\c@table=\count86
\abovecaptionskip=\skip41
\belowcaptionskip=\skip42
\bibindent=\dimen102
)
("C:\Program Files\MiKTeX 2.9\tex\latex\geometry\geometry.sty"
Package: geometry 2010/09/12 v5.6 Page Geometry

("C:\Program Files\MiKTeX 2.9\tex\latex\graphics\keyval.sty"
Package: keyval 2014/10/28 v1.15 key=value parser (DPC)
\KV@toks@=\toks14
)
("C:\Program Files\MiKTeX 2.9\tex\generic\oberdiek\ifpdf.sty"
Package: ifpdf 2017/03/15 v3.2 Provides the ifpdf switch
)
("C:\Program Files\MiKTeX 2.9\tex\generic\oberdiek\ifvtex.sty"
Package: ifvtex 2016/05/16 v1.6 Detect VTeX and its facilities (HO)
Package ifvtex Info: VTeX not detected.
)
("C:\Program Files\MiKTeX 2.9\tex\generic\ifxetex\ifxetex.sty"
Package: ifxetex 2010/09/12 v0.6 Provides ifxetex conditional
)
\Gm@cnth=\count87
\Gm@cntv=\count88
\c@Gm@tempcnt=\count89
\Gm@bindingoffset=\dimen103
\Gm@wd@mp=\dimen104
\Gm@odd@mp=\dimen105
\Gm@even@mp=\dimen106
\Gm@layoutwidth=\dimen107
\Gm@layoutheight=\dimen108
\Gm@layouthoffset=\dimen109
\Gm@layoutvoffset=\dimen110
\Gm@dimlist=\toks15

("C:\Program Files\MiKTeX 2.9\tex\latex\geometry\geometry.cfg"))
(C:\Users\David\AppData\Roaming\MiKTeX\2.9\tex\latex\microtype\microtype.sty
Package: microtype 2017/07/07 v2.7 Micro-typographical refinements (RS)
\MT@toks=\toks16
\MT@count=\count90
LaTeX Info: Redefining \textls on input line 789.
\MT@outer@kern=\dimen111
LaTeX Info: Redefining \textmicrotypecontext on input line 1334.
\MT@listname@count=\count91

(C:\Users\David\AppData\Roaming\MiKTeX\2.9\tex\latex\microtype\microtype-pdftex
.def
File: microtype-pdftex.def 2017/07/07 v2.7 Definitions specific to pdftex (RS)
LaTeX Info: Redefining \lsstyle on input line 912.
LaTeX Info: Redefining \lslig on input line 912.
\MT@outer@space=\skip43
)
Package microtype Info: Loading configuration file microtype.cfg.

(C:\Users\David\AppData\Roaming\MiKTeX\2.9\tex\latex\microtype\microtype.cfg
File: microtype.cfg 2017/07/07 v2.7 microtype main configuration file (RS)
))
("C:\Program Files\MiKTeX 2.9\tex\latex\base\fontenc.sty"
Package: fontenc 2017/04/05 v2.0i Standard LaTeX package

("C:\Program Files\MiKTeX 2.9\tex\latex\base\t1enc.def"
File: t1enc.def 2017/04/05 v2.0i Standard LaTeX file
LaTeX Font Info:    Redeclaring font encoding T1 on input line 48.
))
(C:\Users\David\AppData\Roaming\MiKTeX\2.9\tex\latex\titlesec\titlesec.sty
Package: titlesec 2016/03/21 v2.10.2 Sectioning titles
\ttl@box=\box26
\beforetitleunit=\skip44
\aftertitleunit=\skip45
\ttl@plus=\dimen112
\ttl@minus=\dimen113
\ttl@toksa=\toks17
\titlewidth=\dimen114
\titlewidthlast=\dimen115
\titlewidthfirst=\dimen116
)
(C:\Users\David\AppData\Roaming\MiKTeX\2.9\tex\latex\tex-gyre\tgpagella.sty
Package: tgpagella 2009/09/27 v1.2 TeX Gyre Pagella as default roman family

("C:\Program Files\MiKTeX 2.9\tex\latex\oberdiek\kvoptions.sty"
Package: kvoptions 2016/05/16 v3.12 Key value format for package options (HO)

("C:\Program Files\MiKTeX 2.9\tex\generic\oberdiek\ltxcmds.sty"
Package: ltxcmds 2016/05/16 v1.23 LaTeX kernel commands for general use (HO)
)
("C:\Program Files\MiKTeX 2.9\tex\generic\oberdiek\kvsetkeys.sty"
Package: kvsetkeys 2016/05/16 v1.17 Key value parser (HO)

("C:\Program Files\MiKTeX 2.9\tex\generic\oberdiek\infwarerr.sty"
Package: infwarerr 2016/05/16 v1.4 Providing info/warning/error messages (HO)
)
("C:\Program Files\MiKTeX 2.9\tex\generic\oberdiek\etexcmds.sty"
Package: etexcmds 2016/05/16 v1.6 Avoid name clashes with e-TeX commands (HO)

("C:\Program Files\MiKTeX 2.9\tex\generic\oberdiek\ifluatex.sty"
Package: ifluatex 2016/05/16 v1.4 Provides the ifluatex switch (HO)
Package ifluatex Info: LuaTeX not detected.
)
Package etexcmds Info: Could not find \expanded.
(etexcmds)             That can mean that you are not using pdfTeX 1.50 or
(etexcmds)             that some package has redefined \expanded.
(etexcmds)             In the latter case, load this package earlier.
))))
(David_S_Thomson.aux)
\openout1 = `David_S_Thomson.aux'.

LaTeX Font Info:    Checking defaults for OML/cmm/m/it on input line 19.
LaTeX Font Info:    ... okay on input line 19.
LaTeX Font Info:    Checking defaults for T1/cmr/m/n on input line 19.
LaTeX Font Info:    ... okay on input line 19.
LaTeX Font Info:    Checking defaults for OT1/cmr/m/n on input line 19.
LaTeX Font Info:    ... okay on input line 19.
LaTeX Font Info:    Checking defaults for OMS/cmsy/m/n on input line 19.
LaTeX Font Info:    ... okay on input line 19.
LaTeX Font Info:    Checking defaults for OMX/cmex/m/n on input line 19.
LaTeX Font Info:    ... okay on input line 19.
LaTeX Font Info:    Checking defaults for U/cmr/m/n on input line 19.
LaTeX Font Info:    ... okay on input line 19.
LaTeX Font Info:    Try loading font information for T1+qpl on input line 19.

(C:\Users\David\AppData\Roaming\MiKTeX\2.9\tex\latex\tex-gyre\t1qpl.fd
File: t1qpl.fd 2009/09/25 v1.2 font definition file for T1/qpl
)
*geometry* driver: auto-detecting
*geometry* detected driver: pdftex
*geometry* verbose mode - [ preamble ] result:
* driver: pdftex
* paper: <default>
* layout: <same size as paper>
* layoutoffset:(h,v)=(0.0pt,0.0pt)
* modes: 
* h-part:(L,W,R)=(36.135pt, 542.02501pt, 36.135pt)
* v-part:(T,H,B)=(36.135pt, 722.7pt, 36.135pt)
* \paperwidth=614.295pt
* \paperheight=794.96999pt
* \textwidth=542.02501pt
* \textheight=722.7pt
* \oddsidemargin=-36.135pt
* \evensidemargin=-36.135pt
* \topmargin=-73.135pt
* \headheight=12.0pt
* \headsep=5.0pt
* \topskip=11.0pt
* \footskip=30.0pt
* \marginparwidth=59.0pt
* \marginparsep=10.0pt
* \columnsep=10.0pt
* \skip\footins=10.0pt plus 4.0pt minus 2.0pt
* \hoffset=0.0pt
* \voffset=0.0pt
* \mag=1000
* \@twocolumnfalse
* \@twosidefalse
* \@mparswitchfalse
* \@reversemarginfalse
* (1in=72.27pt=25.4mm, 1cm=28.453pt)

LaTeX Info: Redefining \microtypecontext on input line 19.
Package microtype Info: Generating PDF output.
Package microtype Info: Character protrusion enabled (level 2).
Package microtype Info: Using default protrusion set `alltext'.
Package microtype Info: Automatic font expansion enabled (level 2),
(microtype)             stretch: 20, shrink: 20, step: 1, non-selected.
Package microtype Info: Using default expansion set `basictext'.
Package microtype Info: No adjustment of tracking.
Package microtype Info: No adjustment of interword spacing.
Package microtype Info: No adjustment of character kerning.
(C:\Users\David\AppData\Roaming\MiKTeX\2.9\tex\latex\microtype\mt-ppl.cfg
File: mt-ppl.cfg 2005/11/16 v1.6 microtype config. file: Palatino (RS)
)
(C:\Users\David\AppData\Roaming\MiKTeX\2.9\tex\latex\microtype\mt-cmr.cfg
File: mt-cmr.cfg 2013/05/19 v2.2 microtype config. file: Computer Modern Roman 
(RS)
)
LaTeX Font Info:    External font `cmex10' loaded for size
(Font)              <10.95> on input line 24.
LaTeX Font Info:    External font `cmex10' loaded for size
(Font)              <8> on input line 24.
LaTeX Font Info:    External font `cmex10' loaded for size
(Font)              <6> on input line 24.
LaTeX Font Info:    Try loading font information for OMS+qpl on input line 31.
LaTeX Font Info:    No file OMSqpl.fd. on input line 31.


LaTeX Font Warning: Font shape `OMS/qpl/m/n' undefined
(Font)              using `OMS/cmsy/m/n' instead
(Font)              for symbol `textbullet' on input line 31.

[1

{C:/Users/David/AppData/Local/MiKTeX/2.9/pdftex/config/pdftex.map}] [2]
(David_S_Thomson.aux)

LaTeX Font Warning: Some font shapes were not available, defaults substituted.

 ) 
Here is how much of TeX's memory you used:
 3211 strings out of 493323
 51505 string characters out of 3139066
 145789 words of memory out of 3000000
 6735 multiletter control sequences out of 15000+200000
 28269 words of font info for 37 fonts, out of 3000000 for 9000
 1141 hyphenation exceptions out of 8191
 37i,4n,38p,262b,170s stack positions out of 5000i,500n,10000p,200000b,50000s
{C:/Users/David/AppData/Roaming/MiKTeX/2.9/fonts/enc/dvips/tex-gyre/q-ec.enc}
<C:/Program Files/MiKTeX 2.9/fonts/type1/public/amsfonts/cm/cmsy10.pfb><C:/User
s/David/AppData/Roaming/MiKTeX/2.9/fonts/type1/public/tex-gyre/qplb.pfb><C:/Use
rs/David/AppData/Roaming/MiKTeX/2.9/fonts/type1/public/tex-gyre/qplr.pfb><C:/Us
ers/David/AppData/Roaming/MiKTeX/2.9/fonts/type1/public/tex-gyre/qplri.pfb>
Output written on David_S_Thomson.pdf (2 pages, 92572 bytes).
PDF statistics:
 26 PDF objects out of 1000 (max. 8388607)
 0 named destinations out of 1000 (max. 500000)
 8193 words of extra memory for PDF output out of 10000 (max. 10000000)

